<?xml version="1.0" encoding="UTF-8"?>
<!-- Generated by org.testng.reporters.JUnitReportReporter -->
<testsuite hostname="CDC2-D-5HHHXH2" name="seleniumdemo01.sample1" tests="1" failures="0" timestamp="25 Jun 2019 04:59:21 GMT" time="37.057" errors="0">
  <testcase name="f" time="37.057" classname="seleniumdemo01.sample1"/>
</testsuite> <!-- seleniumdemo01.sample1 -->
