<?xml version="1.0" encoding="UTF-8"?>
<!-- Generated by org.testng.reporters.JUnitReportReporter -->
<testsuite hostname="CDC2-D-5HHHXH2" name="seleniumdemo01.Demo6" tests="1" failures="0" timestamp="26 Jun 2019 04:24:07 GMT" time="23.999" errors="0">
  <testcase name="f" time="23.999" classname="seleniumdemo01.Demo6"/>
</testsuite> <!-- seleniumdemo01.Demo6 -->
