<?xml version="1.0" encoding="UTF-8"?>
<!-- Generated by org.testng.reporters.JUnitReportReporter -->
<testsuite hostname="CDC2-D-5HHHXH2" name="seleniumdemo01.Demo03" tests="1" failures="0" timestamp="25 Jun 2019 11:26:58 GMT" time="13.707" errors="0">
  <testcase name="f" time="13.707" classname="seleniumdemo01.Demo03"/>
</testsuite> <!-- seleniumdemo01.Demo03 -->
