<?xml version="1.0" encoding="UTF-8"?>
<!-- Generated by org.testng.reporters.JUnitReportReporter -->
<testsuite hostname="CDC2-D-5HHHXH2" name="seleniumdemo01.demo7" tests="1" failures="0" timestamp="26 Jun 2019 10:12:40 GMT" time="0.855" errors="0">
  <testcase name="f" time="0.855" classname="seleniumdemo01.demo7"/>
</testsuite> <!-- seleniumdemo01.demo7 -->
