<?xml version="1.0" encoding="UTF-8"?>
<!-- Generated by org.testng.reporters.JUnitReportReporter -->
<testsuite hostname="CDC2-D-5HHHXH2" name="seleniumdemo01.demo2" tests="1" failures="0" timestamp="25 Jun 2019 06:16:06 GMT" time="32.261" errors="0">
  <testcase name="f" time="32.261" classname="seleniumdemo01.demo2"/>
</testsuite> <!-- seleniumdemo01.demo2 -->
