<?xml version="1.0" encoding="UTF-8"?>
<!-- Generated by org.testng.reporters.JUnitReportReporter -->
<testsuite hostname="CDC2-D-5HHHXH2" name="seleniumdemo01.excel1" tests="1" failures="0" timestamp="26 Jun 2019 05:43:09 GMT" time="18.480" errors="0">
  <testcase name="readExcelSetofdata" time="18.480" classname="seleniumdemo01.excel1"/>
</testsuite> <!-- seleniumdemo01.excel1 -->
